 INFO - resolving application jar from found main method on: com.zqh.cascading.impatient.Copy
 INFO - using application jar: null
 INFO - using app.id: DFB37FBA25854F46A4793484FC8DA2BA
 WARN - Unable to load native-hadoop library for your platform... using builtin-java classes where applicable
 INFO - loading properties: cascading/management/service.properties, from jar: file:/home/hadoop/repo/driven/driven-plugin/1.2-eap-5/driven-plugin-1.2-eap-5.jar
 INFO - Total input paths to process : 1
 INFO - loading services from library: file:/home/hadoop/repo/driven/driven-plugin/1.2-eap-5/driven-plugin-1.2-eap-5.jar
 INFO - api key not supplied
 INFO - starting service. sending telemetry to https://driven.cascading.io from plugin /home/hadoop/repo/driven/driven-plugin/1.2-eap-5/driven-plugin-1.2-eap-5.jar
 INFO - archive recording is not enabled
 INFO - resolved protocol config: {driven.protocol.tolerance.plugin.action=allow}
 INFO - available https://driven.cascading.io
 INFO - mapred.used.genericoptionsparser is deprecated. Instead, use mapreduce.client.genericoptionsparser.used
 INFO - mapred.job.tracker is deprecated. Instead, use mapreduce.jobtracker.address
 INFO - mapred.output.compress is deprecated. Instead, use mapreduce.output.fileoutputformat.compress
 INFO - mapred.map.child.java.opts is deprecated. Instead, use mapreduce.map.java.opts
 INFO - mapred.reduce.child.java.opts is deprecated. Instead, use mapreduce.reduce.java.opts
 INFO - mapred.job.map.memory.mb is deprecated. Instead, use mapreduce.map.memory.mb
 INFO - mapred.job.reduce.memory.mb is deprecated. Instead, use mapreduce.reduce.memory.mb
 INFO - Concurrent, Inc - Cascading 2.6.1
 INFO - [] starting
 INFO - []  source: Hfs["TextDelimited[['doc_id', 'text']]"]["hdfs://localhost:9000/input/cascading/impatient/rain.txt"]
 INFO - []  sink: Hfs["TextDelimited[['doc_id', 'text']]"]["hdfs://localhost:9000/output/cascading/copy"]
 INFO - []  parallel execution is enabled: false
 INFO - []  starting jobs: 1
 INFO - []  allocating threads: 1
 INFO - [] starting step: (1/1) ...000/output/cascading/copy
 INFO - session.id is deprecated. Instead, use dfs.metrics.session-id
 INFO - Initializing JVM Metrics with processName=JobTracker, sessionId=
 INFO - Cannot initialize JVM Metrics with processName=JobTracker, sessionId= - already initialized
 WARN - No job jar file set.  User classes may not be found. See Job or Job#setJar(String).
 INFO - Total input paths to process : 1
 INFO - number of splits:1
 INFO - Submitting tokens for job: job_local1165718434_0001
 WARN - file:/tmp/hadoop-hadoop/mapred/staging/hadoop1165718434/.staging/job_local1165718434_0001/job.xml:an attempt to override final parameter: mapreduce.job.end-notification.max.retry.interval;  Ignoring.
 WARN - file:/tmp/hadoop-hadoop/mapred/staging/hadoop1165718434/.staging/job_local1165718434_0001/job.xml:an attempt to override final parameter: mapreduce.job.end-notification.max.attempts;  Ignoring.
 WARN - file:/tmp/hadoop-hadoop/mapred/local/localRunner/hadoop/job_local1165718434_0001/job_local1165718434_0001.xml:an attempt to override final parameter: mapreduce.job.end-notification.max.retry.interval;  Ignoring.
 WARN - file:/tmp/hadoop-hadoop/mapred/local/localRunner/hadoop/job_local1165718434_0001/job_local1165718434_0001.xml:an attempt to override final parameter: mapreduce.job.end-notification.max.attempts;  Ignoring.
 INFO - The url to track the job: http://localhost:8080/
 INFO - [] submitted hadoop job: job_local1165718434_0001
 INFO - [] tracking url: http://localhost:8080/
 INFO - OutputCommitter set in config null
 INFO - OutputCommitter is org.apache.hadoop.mapred.FileOutputCommitter
 INFO - Waiting for map tasks
 INFO - Starting task: attempt_local1165718434_0001_m_000000_0
 INFO -  Using ResourceCalculatorProcessTree : [ ]
 INFO - current split input path: hdfs://localhost:9000/input/cascading/impatient/rain.txt
 INFO - Processing split: cascading.tap.hadoop.io.MultiInputSplit@6fcba40a
 INFO - numReduceTasks: 0
 INFO - cascading version: 2.6.1
 INFO - child jvm opts: -Xmx200m
 INFO - mapred.task.partition is deprecated. Instead, use mapreduce.task.partition
 INFO - sourcing from: Hfs["TextDelimited[['doc_id', 'text']]"]["hdfs://localhost:9000/input/cascading/impatient/rain.txt"]
 INFO - sinking to: Hfs["TextDelimited[['doc_id', 'text']]"]["hdfs://localhost:9000/output/cascading/copy"]
 INFO -
 INFO - Task:attempt_local1165718434_0001_m_000000_0 is done. And is in the process of committing
 INFO -
 INFO - Task attempt_local1165718434_0001_m_000000_0 is allowed to commit now
 INFO - Saved output of task 'attempt_local1165718434_0001_m_000000_0' to hdfs://localhost:9000/output/cascading/copy/_temporary/0/task_local1165718434_0001_m_000000
 INFO - hdfs://localhost:9000/input/cascading/impatient/rain.txt:0+510
 INFO - Task 'attempt_local1165718434_0001_m_000000_0' done.
 INFO - Finishing task: attempt_local1165718434_0001_m_000000_0
 INFO - map task executor complete.
 INFO - plugin protocol action: 'allow'
 INFO -

    ________        __    ________        .__
   /  _____/  _____/  |_  \______ \_______|__|__  __ ____   ____
  /   \  ____/ __ \   __\  |    |  \_  __ \  \  \/ // __ \ /    \
  \    \_\  \  ___/|  |    |    `   \  | \/  |\   /\  ___/|   |  \
   \______  /\_____>__|   /_______  /__|  |__| \_/  \_____>___|  /
          \/                      \/                           \/
   plugin version: 1.2-eap-5

	Follow this link to view your application:

	https://driven.cascading.io/driven/DFB37FBA25854F46A4793484FC8DA2BA


 INFO - deleting temp path hdfs://localhost:9000/output/cascading/copy/_temporary
 INFO - shutdown finalizing app status
 INFO - shutdown hook finished.
 INFO -

    ________        __    ________        .__
   /  _____/  _____/  |_  \______ \_______|__|__  __ ____   ____
  /   \  ____/ __ \   __\  |    |  \_  __ \  \  \/ // __ \ /    \
  \    \_\  \  ___/|  |    |    `   \  | \/  |\   /\  ___/|   |  \
   \______  /\_____>__|   /_______  /__|  |__| \_/  \_____>___|  /
          \/                      \/                           \/
   plugin version: 1.2-eap-5

	Follow this link to view your application:

	https://driven.cascading.io/driven/DFB37FBA25854F46A4793484FC8DA2BA


 INFO - stopped document service



hadoop@hadoop:~$ hadoop fs -cat /output/cascading/copy/part-00000
doc_id	text
doc01	A rain shadow is a dry area on the lee back side of a mountainous area.
doc02	This sinking, dry air produces a rain shadow, or area in the lee of a mountain with less rain and cloudcover.
doc03	A rain shadow is an area of dry land that lies on the leeward (or downwind) side of a mountain.
doc04	This is known as the rain shadow effect and is the primary cause of leeward deserts of mountain ranges, such as California's Death Valley.
doc05	Two Women. Secrets. A Broken Land. [DVD Australia]
