 INFO - resolving application jar from found main method on: com.zqh.cascading.impatient.WordCount
 INFO - using application jar: null
 INFO - using app.id: 221DE3B4739C4AB685FF438473472CB8
 WARN - Unable to load native-hadoop library for your platform... using builtin-java classes where applicable
 INFO - loading properties: cascading/management/service.properties, from jar: file:/home/hadoop/repo/driven/driven-plugin/1.2-eap-5/driven-plugin-1.2-eap-5.jar
 INFO - Total input paths to process : 1
 INFO - loading services from library: file:/home/hadoop/repo/driven/driven-plugin/1.2-eap-5/driven-plugin-1.2-eap-5.jar
 INFO - api key not supplied
 INFO - starting service. sending telemetry to https://driven.cascading.io from plugin /home/hadoop/repo/driven/driven-plugin/1.2-eap-5/driven-plugin-1.2-eap-5.jar
 INFO - archive recording is not enabled
 INFO - resolved protocol config: {driven.protocol.tolerance.plugin.action=allow}
 INFO - available https://driven.cascading.io
 INFO - mapred.used.genericoptionsparser is deprecated. Instead, use mapreduce.client.genericoptionsparser.used
 INFO - mapred.job.tracker is deprecated. Instead, use mapreduce.jobtracker.address
 INFO - mapred.output.compress is deprecated. Instead, use mapreduce.output.fileoutputformat.compress
 INFO - mapred.map.child.java.opts is deprecated. Instead, use mapreduce.map.java.opts
 INFO - mapred.reduce.child.java.opts is deprecated. Instead, use mapreduce.reduce.java.opts
 INFO - mapred.job.map.memory.mb is deprecated. Instead, use mapreduce.map.memory.mb
 INFO - mapred.job.reduce.memory.mb is deprecated. Instead, use mapreduce.reduce.memory.mb
 INFO - Concurrent, Inc - Cascading 2.6.1
 INFO - [wc] starting
 INFO - [wc]  source: Hfs["TextDelimited[['doc_id', 'text']]"]["hdfs://localhost:9000/input/cascading/impatient/rain.txt"]
 INFO - [wc]  sink: Hfs["TextDelimited[['token', 'count']]"]["hdfs://localhost:9000/output/cascading/wordcount"]
 INFO - [wc]  parallel execution is enabled: false
 INFO - [wc]  starting jobs: 1
 INFO - [wc]  allocating threads: 1
 INFO - [wc] starting step: (1/1) ...utput/cascading/wordcount
 INFO - session.id is deprecated. Instead, use dfs.metrics.session-id
 INFO - Initializing JVM Metrics with processName=JobTracker, sessionId=
 INFO - Cannot initialize JVM Metrics with processName=JobTracker, sessionId= - already initialized
 WARN - No job jar file set.  User classes may not be found. See Job or Job#setJar(String).
 INFO - Total input paths to process : 1
 INFO - number of splits:1
 INFO - Submitting tokens for job: job_local222322677_0001
 WARN - file:/tmp/hadoop-hadoop/mapred/staging/hadoop222322677/.staging/job_local222322677_0001/job.xml:an attempt to override final parameter: mapreduce.job.end-notification.max.retry.interval;  Ignoring.
 WARN - file:/tmp/hadoop-hadoop/mapred/staging/hadoop222322677/.staging/job_local222322677_0001/job.xml:an attempt to override final parameter: mapreduce.job.end-notification.max.attempts;  Ignoring.
 WARN - file:/tmp/hadoop-hadoop/mapred/local/localRunner/hadoop/job_local222322677_0001/job_local222322677_0001.xml:an attempt to override final parameter: mapreduce.job.end-notification.max.retry.interval;  Ignoring.
 WARN - file:/tmp/hadoop-hadoop/mapred/local/localRunner/hadoop/job_local222322677_0001/job_local222322677_0001.xml:an attempt to override final parameter: mapreduce.job.end-notification.max.attempts;  Ignoring.
 INFO - The url to track the job: http://localhost:8080/
 INFO - OutputCommitter set in config null
 INFO - [wc] submitted hadoop job: job_local222322677_0001
 INFO - [wc] tracking url: http://localhost:8080/
 INFO - OutputCommitter is org.apache.hadoop.mapred.FileOutputCommitter
 INFO - Waiting for map tasks
 INFO - Starting task: attempt_local222322677_0001_m_000000_0
 INFO -  Using ResourceCalculatorProcessTree : [ ]
 INFO - current split input path: hdfs://localhost:9000/input/cascading/impatient/rain.txt
 INFO - Processing split: cascading.tap.hadoop.io.MultiInputSplit@3714dfe5
 INFO - numReduceTasks: 1
 INFO - Map output collector class = org.apache.hadoop.mapred.MapTask$MapOutputBuffer
 INFO - (EQUATOR) 0 kvi 26214396(104857584)
 INFO - mapreduce.task.io.sort.mb: 100
 INFO - soft limit at 83886080
 INFO - bufstart = 0; bufvoid = 104857600
 INFO - kvstart = 26214396; length = 6553600
 INFO - cascading version: 2.6.1
 INFO - child jvm opts: -Xmx200m
 INFO - mapred.task.partition is deprecated. Instead, use mapreduce.task.partition
 INFO - sourcing from: Hfs["TextDelimited[['doc_id', 'text']]"]["hdfs://localhost:9000/input/cascading/impatient/rain.txt"]
 INFO - sinking to: GroupBy(wc)[by:[{1}:'token']]
 INFO -
 INFO - Starting flush of map output
 INFO - Spilling map output
 INFO - bufstart = 0; bufend = 1149; bufvoid = 104857600
 INFO - kvstart = 26214396(104857584); kvend = 26214008(104856032); length = 389/6553600
 INFO - Finished spill 0
 INFO - Task:attempt_local222322677_0001_m_000000_0 is done. And is in the process of committing
 INFO - hdfs://localhost:9000/input/cascading/impatient/rain.txt:0+510
 INFO - Task 'attempt_local222322677_0001_m_000000_0' done.
 INFO - Finishing task: attempt_local222322677_0001_m_000000_0
 INFO - map task executor complete.
 INFO - Waiting for reduce tasks
 INFO - Starting task: attempt_local222322677_0001_r_000000_0
 INFO -  Using ResourceCalculatorProcessTree : [ ]
 INFO - Using ShuffleConsumerPlugin: org.apache.hadoop.mapreduce.task.reduce.Shuffle@6e786f77
 INFO - MergerManager: memoryLimit=1503238528, maxSingleShuffleLimit=375809632, mergeThreshold=992137472, ioSortFactor=10, memToMemMergeOutputsThreshold=10
 INFO - attempt_local222322677_0001_r_000000_0 Thread started: EventFetcher for fetching Map Completion Events
 INFO - localfetcher#1 about to shuffle output of map attempt_local222322677_0001_m_000000_0 decomp: 1347 len: 1351 to MEMORY
 INFO - Read 1347 bytes from map-output for attempt_local222322677_0001_m_000000_0
 INFO - closeInMemoryFile -> map-output of size: 1347, inMemoryMapOutputs.size() -> 1, commitMemory -> 0, usedMemory ->1347
 INFO - EventFetcher is interrupted.. Returning
 INFO - 1 / 1 copied.
 INFO - finalMerge called with 1 in-memory map-outputs and 0 on-disk map-outputs
 INFO - Merging 1 sorted segments
 INFO - Down to the last merge-pass, with 1 segments left of total size: 1339 bytes
 INFO - Merged 1 segments, 1347 bytes to disk to satisfy reduce memory limit
 INFO - Merging 1 files, 1351 bytes from disk
 INFO - Merging 0 segments, 0 bytes from memory into reduce
 INFO - Merging 1 sorted segments
 INFO - Down to the last merge-pass, with 1 segments left of total size: 1339 bytes
 INFO - 1 / 1 copied.
 INFO - cascading version: 2.6.1
 INFO - child jvm opts: -Xmx200m
 INFO - sourcing from: GroupBy(wc)[by:[{1}:'token']]
 INFO - sinking to: Hfs["TextDelimited[['token', 'count']]"]["hdfs://localhost:9000/output/cascading/wordcount"]
 INFO - Task:attempt_local222322677_0001_r_000000_0 is done. And is in the process of committing
 INFO - 1 / 1 copied.
 INFO - Task attempt_local222322677_0001_r_000000_0 is allowed to commit now
 INFO - Saved output of task 'attempt_local222322677_0001_r_000000_0' to hdfs://localhost:9000/output/cascading/wordcount/_temporary/0/task_local222322677_0001_r_000000
 INFO - reduce > reduce
 INFO - Task 'attempt_local222322677_0001_r_000000_0' done.
 INFO - Finishing task: attempt_local222322677_0001_r_000000_0
 INFO - reduce task executor complete.
 INFO - plugin protocol action: 'allow'
 INFO -

    ________        __    ________        .__
   /  _____/  _____/  |_  \______ \_______|__|__  __ ____   ____
  /   \  ____/ __ \   __\  |    |  \_  __ \  \  \/ // __ \ /    \
  \    \_\  \  ___/|  |    |    `   \  | \/  |\   /\  ___/|   |  \
   \______  /\_____>__|   /_______  /__|  |__| \_/  \_____>___|  /
          \/                      \/                           \/
   plugin version: 1.2-eap-5

	Follow this link to view your application:

	https://driven.cascading.io/driven/221DE3B4739C4AB685FF438473472CB8


 INFO - deleting temp path hdfs://localhost:9000/output/cascading/wordcount/_temporary
 INFO - shutdown finalizing app status
 INFO - shutdown hook finished.
 INFO -

    ________        __    ________        .__
   /  _____/  _____/  |_  \______ \_______|__|__  __ ____   ____
  /   \  ____/ __ \   __\  |    |  \_  __ \  \  \/ // __ \ /    \
  \    \_\  \  ___/|  |    |    `   \  | \/  |\   /\  ___/|   |  \
   \______  /\_____>__|   /_______  /__|  |__| \_/  \_____>___|  /
          \/                      \/                           \/
   plugin version: 1.2-eap-5

	Follow this link to view your application:

	https://driven.cascading.io/driven/221DE3B4739C4AB685FF438473472CB8


 INFO - stopped document service


hadoop@hadoop:~$ hadoop fs -cat /output/cascading/wordcount/part-00000
token	count
	9
A	3
Australia	1
Broken	1
California's	1
DVD	1
Death	1
Land	1
Secrets	1
This	2
Two	1
Valley	1
Women	1
a	5
air	1
an	1
and	2
area	4
as	2
back	1
cause	1
cloudcover	1
deserts	1
downwind	1
dry	3
effect	1
in	1
is	4
known	1
land	1
lee	2
leeward	2
less	1
lies	1
mountain	3
mountainous	1
of	6
on	2
or	2
primary	1
produces	1
rain	5
ranges	1
shadow	4
side	2
sinking	1
such	1
that	1
the	5
with	1
